<?xml version="1.0" encoding="UTF-8"?>
<!-- Generated by org.testng.reporters.JUnitReportReporter -->
<testsuite hostname="Nancy" failures="0" tests="1" name="testCases.ReadAllAccounts" time="2.089" errors="0" timestamp="20 Jan 2024 23:29:06 GMT" skipped="0">
  <testcase classname="testCases.ReadAllAccounts" name="readAllAccounts" time="2.089"/>
</testsuite> <!-- testCases.ReadAllAccounts -->
