<?xml version="1.0" encoding="UTF-8"?>
<!-- Generated by org.testng.reporters.JUnitReportReporter -->
<testsuite hostname="Nancy" failures="0" tests="2" name="testCases.UpdateOneAccount" time="1.963" errors="0" timestamp="21 Jan 2024 07:31:24 GMT" skipped="0">
  <testcase classname="testCases.UpdateOneAccount" name="updateOneAccount" time="0.881"/>
  <testcase classname="testCases.UpdateOneAccount" name="readOneAccount" time="1.082"/>
</testsuite> <!-- testCases.UpdateOneAccount -->
