<?xml version="1.0" encoding="UTF-8"?>
<!-- Generated by org.testng.reporters.JUnitReportReporter -->
<testsuite hostname="Nancy" failures="0" tests="3" name="testCases.CreateOneAccount" time="3.912" errors="0" timestamp="21 Jan 2024 06:46:28 GMT" skipped="0">
  <testcase classname="testCases.CreateOneAccount" name="createOneAccount" time="0.826"/>
  <testcase classname="testCases.CreateOneAccount" name="readAllAccounts" time="1.969"/>
  <testcase classname="testCases.CreateOneAccount" name="readOneAccount" time="1.117"/>
</testsuite> <!-- testCases.CreateOneAccount -->
