<?xml version="1.0" encoding="UTF-8"?>
<!-- Generated by org.testng.reporters.JUnitReportReporter -->
<testsuite hostname="Nancy" failures="0" tests="1" name="testCases.GenerateBearerToken" time="2.645" errors="0" timestamp="16 Jan 2024 01:22:52 GMT" skipped="0">
  <testcase classname="testCases.GenerateBearerToken" name="generateBearerToken" time="2.645"/>
</testsuite> <!-- testCases.GenerateBearerToken -->
