<?xml version="1.0" encoding="UTF-8"?>
<!-- Generated by org.testng.reporters.JUnitReportReporter -->
<testsuite hostname="Nancy" failures="0" tests="2" name="testCases.DeleteOneAccount" time="1.931" errors="0" timestamp="21 Jan 2024 07:45:15 GMT" skipped="0">
  <testcase classname="testCases.DeleteOneAccount" name="deleteOneAccount" time="0.910"/>
  <testcase classname="testCases.DeleteOneAccount" name="readOneAccount" time="1.021"/>
</testsuite> <!-- testCases.DeleteOneAccount -->
