<?xml version="1.0" encoding="UTF-8"?>
<!-- Generated by org.testng.reporters.JUnitReportReporter -->
<testsuite hostname="Nancy" failures="0" tests="1" name="testCases.ReadOneAccount" time="2.504" errors="0" timestamp="20 Jan 2024 23:30:02 GMT" skipped="0">
  <testcase classname="testCases.ReadOneAccount" name="readOneAccount" time="2.504"/>
</testsuite> <!-- testCases.ReadOneAccount -->
