<?xml version="1.0" encoding="UTF-8"?>
<!-- Generated by org.testng.reporters.JUnitReportReporter -->
<testsuite hostname="Nancy" failures="0" tests="3" name="testCases.CreateOneAccountAsMap" time="4.241" errors="0" timestamp="21 Jan 2024 07:12:50 GMT" skipped="0">
  <testcase classname="testCases.CreateOneAccountAsMap" name="createOneAccount" time="1.053"/>
  <testcase classname="testCases.CreateOneAccountAsMap" name="readAllAccounts" time="2.038"/>
  <testcase classname="testCases.CreateOneAccountAsMap" name="readOneAccount" time="1.150"/>
</testsuite> <!-- testCases.CreateOneAccountAsMap -->
